Vivado Simulator v2023.1
Copyright 1986-2022 Xilinx, Inc. All Rights Reserved.
Copyright 2022-2023 Advanced Micro Devices, Inc. All Rights Reserved.
Running: C:/Xilinx/Vivado/2023.1/bin/unwrapped/win64.o/xelab.exe --incr --debug typical --relax --mt 2 -L xil_defaultlib -L unisims_ver -L secureip --snapshot tb_delay_line_tdc_func_impl xil_defaultlib.tb_delay_line_tdc xil_defaultlib.glbl -log elaborate.log 
Using 2 slave threads.
Starting static elaboration
Pass Through NonSizing Optimizer
WARNING: [VRFC 10-2861] module 'delay_line_tdc' does not have a parameter named N [C:/TDC/TDC.srcs/sim_1/new/testbench.v:36]
Completed static elaboration
Starting simulation data flow analysis
Completed simulation data flow analysis
Time Resolution for simulation is 1ps
Compiling module unisims_ver.CARRY4
Compiling module unisims_ver.IBUF
Compiling module unisims_ver.BUFG
Compiling module unisims_ver.OBUF
Compiling module unisims_ver.FDCE_default
Compiling module xil_defaultlib.delay_line_tdc
Compiling module xil_defaultlib.tb_delay_line_tdc
Compiling module xil_defaultlib.glbl
Built simulation snapshot tb_delay_line_tdc_func_impl
