
*** Running vivado
    with args -log delay_line_tdc.vds -m64 -product Vivado -mode batch -messageDb vivado.pb -notrace -source delay_line_tdc.tcl


ECHO is off.
ECHO is off.

****** Vivado v2023.1 (64-bit)
  **** SW Build 3865809 on Sun May  7 15:05:29 MDT 2023
  **** IP Build 3864474 on Sun May  7 20:36:21 MDT 2023
  **** SharedData Build 3865790 on Sun May 07 13:33:03 MDT 2023
    ** Copyright 1986-2022 Xilinx, Inc. All Rights Reserved.
    ** Copyright 2022-2023 Advanced Micro Devices, Inc. All Rights Reserved.

source delay_line_tdc.tcl -notrace
create_project: Time (s): cpu = 00:00:04 ; elapsed = 00:00:10 . Memory (MB): peak = 443.016 ; gain = 167.441
Command: read_checkpoint -auto_incremental -incremental D:/WISNU/FPGA/TDC/TDC.srcs/utils_1/imports/synth_1/delay_line_tdc.dcp
INFO: [Vivado 12-5825] Read reference checkpoint from D:/WISNU/FPGA/TDC/TDC.srcs/utils_1/imports/synth_1/delay_line_tdc.dcp for incremental synthesis
INFO: [Vivado 12-7989] Please ensure there are no constraint changes
Command: synth_design -top delay_line_tdc -part xc7a35tcpg236-1
Starting synth_design
Attempting to get a license for feature 'Synthesis' and/or device 'xc7a35t'
INFO: [Common 17-349] Got license for feature 'Synthesis' and/or device 'xc7a35t'
INFO: [Designutils 20-5440] No compile time benefit to using incremental synthesis; A full resynthesis will be run
INFO: [Designutils 20-4379] Flow is switching to default flow due to incremental criteria not met. If you would like to alter this behaviour and have the flow terminate instead, please set the following parameter config_implementation {autoIncr.Synth.RejectBehavior Terminate}
INFO: [Synth 8-7079] Multithreading enabled for synth_design using a maximum of 2 processes.
INFO: [Synth 8-7078] Launching helper process for spawning children vivado processes
INFO: [Synth 8-7075] Helper process launched with PID 30728
---------------------------------------------------------------------------------
Starting Synthesize : Time (s): cpu = 00:00:07 ; elapsed = 00:00:08 . Memory (MB): peak = 887.762 ; gain = 409.449
---------------------------------------------------------------------------------
INFO: [Synth 8-6157] synthesizing module 'delay_line_tdc' [D:/WISNU/FPGA/TDC/TDC.srcs/sources_1/new/TDC.v:23]
INFO: [Synth 8-6157] synthesizing module 'CARRY4' [C:/Xilinx/Vivado/2023.1/scripts/rt/data/unisim_comp.v:1934]
INFO: [Synth 8-6155] done synthesizing module 'CARRY4' (0#1) [C:/Xilinx/Vivado/2023.1/scripts/rt/data/unisim_comp.v:1934]
WARNING: [Synth 8-7071] port 'O' of module 'CARRY4' is unconnected for instance 'inst' [D:/WISNU/FPGA/TDC/TDC.srcs/sources_1/new/TDC.v:58]
WARNING: [Synth 8-7071] port 'CI' of module 'CARRY4' is unconnected for instance 'inst' [D:/WISNU/FPGA/TDC/TDC.srcs/sources_1/new/TDC.v:58]
WARNING: [Synth 8-7023] instance 'inst' of module 'CARRY4' has 6 connections declared, but only 4 given [D:/WISNU/FPGA/TDC/TDC.srcs/sources_1/new/TDC.v:58]
WARNING: [Synth 8-7071] port 'O' of module 'CARRY4' is unconnected for instance 'inst' [D:/WISNU/FPGA/TDC/TDC.srcs/sources_1/new/TDC.v:68]
WARNING: [Synth 8-7071] port 'CYINIT' of module 'CARRY4' is unconnected for instance 'inst' [D:/WISNU/FPGA/TDC/TDC.srcs/sources_1/new/TDC.v:68]
WARNING: [Synth 8-7023] instance 'inst' of module 'CARRY4' has 6 connections declared, but only 4 given [D:/WISNU/FPGA/TDC/TDC.srcs/sources_1/new/TDC.v:68]
WARNING: [Synth 8-7071] port 'O' of module 'CARRY4' is unconnected for instance 'inst' [D:/WISNU/FPGA/TDC/TDC.srcs/sources_1/new/TDC.v:68]
WARNING: [Synth 8-7071] port 'CYINIT' of module 'CARRY4' is unconnected for instance 'inst' [D:/WISNU/FPGA/TDC/TDC.srcs/sources_1/new/TDC.v:68]
WARNING: [Synth 8-7023] instance 'inst' of module 'CARRY4' has 6 connections declared, but only 4 given [D:/WISNU/FPGA/TDC/TDC.srcs/sources_1/new/TDC.v:68]
WARNING: [Synth 8-7071] port 'O' of module 'CARRY4' is unconnected for instance 'inst' [D:/WISNU/FPGA/TDC/TDC.srcs/sources_1/new/TDC.v:68]
WARNING: [Synth 8-7071] port 'CYINIT' of module 'CARRY4' is unconnected for instance 'inst' [D:/WISNU/FPGA/TDC/TDC.srcs/sources_1/new/TDC.v:68]
WARNING: [Synth 8-7023] instance 'inst' of module 'CARRY4' has 6 connections declared, but only 4 given [D:/WISNU/FPGA/TDC/TDC.srcs/sources_1/new/TDC.v:68]
WARNING: [Synth 8-7071] port 'O' of module 'CARRY4' is unconnected for instance 'inst' [D:/WISNU/FPGA/TDC/TDC.srcs/sources_1/new/TDC.v:68]
WARNING: [Synth 8-7071] port 'CYINIT' of module 'CARRY4' is unconnected for instance 'inst' [D:/WISNU/FPGA/TDC/TDC.srcs/sources_1/new/TDC.v:68]
WARNING: [Synth 8-7023] instance 'inst' of module 'CARRY4' has 6 connections declared, but only 4 given [D:/WISNU/FPGA/TDC/TDC.srcs/sources_1/new/TDC.v:68]
WARNING: [Synth 8-7071] port 'O' of module 'CARRY4' is unconnected for instance 'inst' [D:/WISNU/FPGA/TDC/TDC.srcs/sources_1/new/TDC.v:68]
WARNING: [Synth 8-7071] port 'CYINIT' of module 'CARRY4' is unconnected for instance 'inst' [D:/WISNU/FPGA/TDC/TDC.srcs/sources_1/new/TDC.v:68]
WARNING: [Synth 8-7023] instance 'inst' of module 'CARRY4' has 6 connections declared, but only 4 given [D:/WISNU/FPGA/TDC/TDC.srcs/sources_1/new/TDC.v:68]
WARNING: [Synth 8-7071] port 'O' of module 'CARRY4' is unconnected for instance 'inst' [D:/WISNU/FPGA/TDC/TDC.srcs/sources_1/new/TDC.v:68]
WARNING: [Synth 8-7071] port 'CYINIT' of module 'CARRY4' is unconnected for instance 'inst' [D:/WISNU/FPGA/TDC/TDC.srcs/sources_1/new/TDC.v:68]
WARNING: [Synth 8-7023] instance 'inst' of module 'CARRY4' has 6 connections declared, but only 4 given [D:/WISNU/FPGA/TDC/TDC.srcs/sources_1/new/TDC.v:68]
WARNING: [Synth 8-7071] port 'O' of module 'CARRY4' is unconnected for instance 'inst' [D:/WISNU/FPGA/TDC/TDC.srcs/sources_1/new/TDC.v:68]
WARNING: [Synth 8-7071] port 'CYINIT' of module 'CARRY4' is unconnected for instance 'inst' [D:/WISNU/FPGA/TDC/TDC.srcs/sources_1/new/TDC.v:68]
WARNING: [Synth 8-7023] instance 'inst' of module 'CARRY4' has 6 connections declared, but only 4 given [D:/WISNU/FPGA/TDC/TDC.srcs/sources_1/new/TDC.v:68]
WARNING: [Synth 8-7071] port 'O' of module 'CARRY4' is unconnected for instance 'inst' [D:/WISNU/FPGA/TDC/TDC.srcs/sources_1/new/TDC.v:68]
WARNING: [Synth 8-7071] port 'CYINIT' of module 'CARRY4' is unconnected for instance 'inst' [D:/WISNU/FPGA/TDC/TDC.srcs/sources_1/new/TDC.v:68]
WARNING: [Synth 8-7023] instance 'inst' of module 'CARRY4' has 6 connections declared, but only 4 given [D:/WISNU/FPGA/TDC/TDC.srcs/sources_1/new/TDC.v:68]
WARNING: [Synth 8-7071] port 'O' of module 'CARRY4' is unconnected for instance 'inst' [D:/WISNU/FPGA/TDC/TDC.srcs/sources_1/new/TDC.v:68]
WARNING: [Synth 8-7071] port 'CYINIT' of module 'CARRY4' is unconnected for instance 'inst' [D:/WISNU/FPGA/TDC/TDC.srcs/sources_1/new/TDC.v:68]
WARNING: [Synth 8-7023] instance 'inst' of module 'CARRY4' has 6 connections declared, but only 4 given [D:/WISNU/FPGA/TDC/TDC.srcs/sources_1/new/TDC.v:68]
WARNING: [Synth 8-7071] port 'O' of module 'CARRY4' is unconnected for instance 'inst' [D:/WISNU/FPGA/TDC/TDC.srcs/sources_1/new/TDC.v:68]
WARNING: [Synth 8-7071] port 'CYINIT' of module 'CARRY4' is unconnected for instance 'inst' [D:/WISNU/FPGA/TDC/TDC.srcs/sources_1/new/TDC.v:68]
WARNING: [Synth 8-7023] instance 'inst' of module 'CARRY4' has 6 connections declared, but only 4 given [D:/WISNU/FPGA/TDC/TDC.srcs/sources_1/new/TDC.v:68]
WARNING: [Synth 8-7071] port 'O' of module 'CARRY4' is unconnected for instance 'inst' [D:/WISNU/FPGA/TDC/TDC.srcs/sources_1/new/TDC.v:68]
WARNING: [Synth 8-7071] port 'CYINIT' of module 'CARRY4' is unconnected for instance 'inst' [D:/WISNU/FPGA/TDC/TDC.srcs/sources_1/new/TDC.v:68]
WARNING: [Synth 8-7023] instance 'inst' of module 'CARRY4' has 6 connections declared, but only 4 given [D:/WISNU/FPGA/TDC/TDC.srcs/sources_1/new/TDC.v:68]
WARNING: [Synth 8-7071] port 'O' of module 'CARRY4' is unconnected for instance 'inst' [D:/WISNU/FPGA/TDC/TDC.srcs/sources_1/new/TDC.v:68]
WARNING: [Synth 8-7071] port 'CYINIT' of module 'CARRY4' is unconnected for instance 'inst' [D:/WISNU/FPGA/TDC/TDC.srcs/sources_1/new/TDC.v:68]
WARNING: [Synth 8-7023] instance 'inst' of module 'CARRY4' has 6 connections declared, but only 4 given [D:/WISNU/FPGA/TDC/TDC.srcs/sources_1/new/TDC.v:68]
WARNING: [Synth 8-7071] port 'O' of module 'CARRY4' is unconnected for instance 'inst' [D:/WISNU/FPGA/TDC/TDC.srcs/sources_1/new/TDC.v:68]
WARNING: [Synth 8-7071] port 'CYINIT' of module 'CARRY4' is unconnected for instance 'inst' [D:/WISNU/FPGA/TDC/TDC.srcs/sources_1/new/TDC.v:68]
WARNING: [Synth 8-7023] instance 'inst' of module 'CARRY4' has 6 connections declared, but only 4 given [D:/WISNU/FPGA/TDC/TDC.srcs/sources_1/new/TDC.v:68]
WARNING: [Synth 8-7071] port 'O' of module 'CARRY4' is unconnected for instance 'inst' [D:/WISNU/FPGA/TDC/TDC.srcs/sources_1/new/TDC.v:68]
WARNING: [Synth 8-7071] port 'CYINIT' of module 'CARRY4' is unconnected for instance 'inst' [D:/WISNU/FPGA/TDC/TDC.srcs/sources_1/new/TDC.v:68]
WARNING: [Synth 8-7023] instance 'inst' of module 'CARRY4' has 6 connections declared, but only 4 given [D:/WISNU/FPGA/TDC/TDC.srcs/sources_1/new/TDC.v:68]
WARNING: [Synth 8-7071] port 'O' of module 'CARRY4' is unconnected for instance 'inst' [D:/WISNU/FPGA/TDC/TDC.srcs/sources_1/new/TDC.v:68]
WARNING: [Synth 8-7071] port 'CYINIT' of module 'CARRY4' is unconnected for instance 'inst' [D:/WISNU/FPGA/TDC/TDC.srcs/sources_1/new/TDC.v:68]
WARNING: [Synth 8-7023] instance 'inst' of module 'CARRY4' has 6 connections declared, but only 4 given [D:/WISNU/FPGA/TDC/TDC.srcs/sources_1/new/TDC.v:68]
WARNING: [Synth 8-7071] port 'O' of module 'CARRY4' is unconnected for instance 'inst' [D:/WISNU/FPGA/TDC/TDC.srcs/sources_1/new/TDC.v:68]
WARNING: [Synth 8-7071] port 'CYINIT' of module 'CARRY4' is unconnected for instance 'inst' [D:/WISNU/FPGA/TDC/TDC.srcs/sources_1/new/TDC.v:68]
WARNING: [Synth 8-7023] instance 'inst' of module 'CARRY4' has 6 connections declared, but only 4 given [D:/WISNU/FPGA/TDC/TDC.srcs/sources_1/new/TDC.v:68]
WARNING: [Synth 8-7071] port 'O' of module 'CARRY4' is unconnected for instance 'inst' [D:/WISNU/FPGA/TDC/TDC.srcs/sources_1/new/TDC.v:68]
WARNING: [Synth 8-7071] port 'CYINIT' of module 'CARRY4' is unconnected for instance 'inst' [D:/WISNU/FPGA/TDC/TDC.srcs/sources_1/new/TDC.v:68]
WARNING: [Synth 8-7023] instance 'inst' of module 'CARRY4' has 6 connections declared, but only 4 given [D:/WISNU/FPGA/TDC/TDC.srcs/sources_1/new/TDC.v:68]
WARNING: [Synth 8-7071] port 'O' of module 'CARRY4' is unconnected for instance 'inst' [D:/WISNU/FPGA/TDC/TDC.srcs/sources_1/new/TDC.v:68]
WARNING: [Synth 8-7071] port 'CYINIT' of module 'CARRY4' is unconnected for instance 'inst' [D:/WISNU/FPGA/TDC/TDC.srcs/sources_1/new/TDC.v:68]
WARNING: [Synth 8-7023] instance 'inst' of module 'CARRY4' has 6 connections declared, but only 4 given [D:/WISNU/FPGA/TDC/TDC.srcs/sources_1/new/TDC.v:68]
WARNING: [Synth 8-7071] port 'O' of module 'CARRY4' is unconnected for instance 'inst' [D:/WISNU/FPGA/TDC/TDC.srcs/sources_1/new/TDC.v:68]
WARNING: [Synth 8-7071] port 'CYINIT' of module 'CARRY4' is unconnected for instance 'inst' [D:/WISNU/FPGA/TDC/TDC.srcs/sources_1/new/TDC.v:68]
WARNING: [Synth 8-7023] instance 'inst' of module 'CARRY4' has 6 connections declared, but only 4 given [D:/WISNU/FPGA/TDC/TDC.srcs/sources_1/new/TDC.v:68]
WARNING: [Synth 8-7071] port 'O' of module 'CARRY4' is unconnected for instance 'inst' [D:/WISNU/FPGA/TDC/TDC.srcs/sources_1/new/TDC.v:68]
WARNING: [Synth 8-7071] port 'CYINIT' of module 'CARRY4' is unconnected for instance 'inst' [D:/WISNU/FPGA/TDC/TDC.srcs/sources_1/new/TDC.v:68]
WARNING: [Synth 8-7023] instance 'inst' of module 'CARRY4' has 6 connections declared, but only 4 given [D:/WISNU/FPGA/TDC/TDC.srcs/sources_1/new/TDC.v:68]
WARNING: [Synth 8-7071] port 'O' of module 'CARRY4' is unconnected for instance 'inst' [D:/WISNU/FPGA/TDC/TDC.srcs/sources_1/new/TDC.v:68]
WARNING: [Synth 8-7071] port 'CYINIT' of module 'CARRY4' is unconnected for instance 'inst' [D:/WISNU/FPGA/TDC/TDC.srcs/sources_1/new/TDC.v:68]
WARNING: [Synth 8-7023] instance 'inst' of module 'CARRY4' has 6 connections declared, but only 4 given [D:/WISNU/FPGA/TDC/TDC.srcs/sources_1/new/TDC.v:68]
WARNING: [Synth 8-7071] port 'O' of module 'CARRY4' is unconnected for instance 'inst' [D:/WISNU/FPGA/TDC/TDC.srcs/sources_1/new/TDC.v:68]
WARNING: [Synth 8-7071] port 'CYINIT' of module 'CARRY4' is unconnected for instance 'inst' [D:/WISNU/FPGA/TDC/TDC.srcs/sources_1/new/TDC.v:68]
WARNING: [Synth 8-7023] instance 'inst' of module 'CARRY4' has 6 connections declared, but only 4 given [D:/WISNU/FPGA/TDC/TDC.srcs/sources_1/new/TDC.v:68]
WARNING: [Synth 8-7071] port 'O' of module 'CARRY4' is unconnected for instance 'inst' [D:/WISNU/FPGA/TDC/TDC.srcs/sources_1/new/TDC.v:68]
WARNING: [Synth 8-7071] port 'CYINIT' of module 'CARRY4' is unconnected for instance 'inst' [D:/WISNU/FPGA/TDC/TDC.srcs/sources_1/new/TDC.v:68]
WARNING: [Synth 8-7023] instance 'inst' of module 'CARRY4' has 6 connections declared, but only 4 given [D:/WISNU/FPGA/TDC/TDC.srcs/sources_1/new/TDC.v:68]
WARNING: [Synth 8-7071] port 'O' of module 'CARRY4' is unconnected for instance 'inst' [D:/WISNU/FPGA/TDC/TDC.srcs/sources_1/new/TDC.v:68]
WARNING: [Synth 8-7071] port 'CYINIT' of module 'CARRY4' is unconnected for instance 'inst' [D:/WISNU/FPGA/TDC/TDC.srcs/sources_1/new/TDC.v:68]
WARNING: [Synth 8-7023] instance 'inst' of module 'CARRY4' has 6 connections declared, but only 4 given [D:/WISNU/FPGA/TDC/TDC.srcs/sources_1/new/TDC.v:68]
WARNING: [Synth 8-7071] port 'O' of module 'CARRY4' is unconnected for instance 'inst' [D:/WISNU/FPGA/TDC/TDC.srcs/sources_1/new/TDC.v:68]
WARNING: [Synth 8-7071] port 'CYINIT' of module 'CARRY4' is unconnected for instance 'inst' [D:/WISNU/FPGA/TDC/TDC.srcs/sources_1/new/TDC.v:68]
WARNING: [Synth 8-7023] instance 'inst' of module 'CARRY4' has 6 connections declared, but only 4 given [D:/WISNU/FPGA/TDC/TDC.srcs/sources_1/new/TDC.v:68]
WARNING: [Synth 8-7071] port 'O' of module 'CARRY4' is unconnected for instance 'inst' [D:/WISNU/FPGA/TDC/TDC.srcs/sources_1/new/TDC.v:68]
WARNING: [Synth 8-7071] port 'CYINIT' of module 'CARRY4' is unconnected for instance 'inst' [D:/WISNU/FPGA/TDC/TDC.srcs/sources_1/new/TDC.v:68]
WARNING: [Synth 8-7023] instance 'inst' of module 'CARRY4' has 6 connections declared, but only 4 given [D:/WISNU/FPGA/TDC/TDC.srcs/sources_1/new/TDC.v:68]
WARNING: [Synth 8-7071] port 'O' of module 'CARRY4' is unconnected for instance 'inst' [D:/WISNU/FPGA/TDC/TDC.srcs/sources_1/new/TDC.v:68]
WARNING: [Synth 8-7071] port 'CYINIT' of module 'CARRY4' is unconnected for instance 'inst' [D:/WISNU/FPGA/TDC/TDC.srcs/sources_1/new/TDC.v:68]
WARNING: [Synth 8-7023] instance 'inst' of module 'CARRY4' has 6 connections declared, but only 4 given [D:/WISNU/FPGA/TDC/TDC.srcs/sources_1/new/TDC.v:68]
WARNING: [Synth 8-7071] port 'O' of module 'CARRY4' is unconnected for instance 'inst' [D:/WISNU/FPGA/TDC/TDC.srcs/sources_1/new/TDC.v:68]
WARNING: [Synth 8-7071] port 'CYINIT' of module 'CARRY4' is unconnected for instance 'inst' [D:/WISNU/FPGA/TDC/TDC.srcs/sources_1/new/TDC.v:68]
WARNING: [Synth 8-7023] instance 'inst' of module 'CARRY4' has 6 connections declared, but only 4 given [D:/WISNU/FPGA/TDC/TDC.srcs/sources_1/new/TDC.v:68]
WARNING: [Synth 8-7071] port 'O' of module 'CARRY4' is unconnected for instance 'inst' [D:/WISNU/FPGA/TDC/TDC.srcs/sources_1/new/TDC.v:68]
WARNING: [Synth 8-7071] port 'CYINIT' of module 'CARRY4' is unconnected for instance 'inst' [D:/WISNU/FPGA/TDC/TDC.srcs/sources_1/new/TDC.v:68]
WARNING: [Synth 8-7023] instance 'inst' of module 'CARRY4' has 6 connections declared, but only 4 given [D:/WISNU/FPGA/TDC/TDC.srcs/sources_1/new/TDC.v:68]
WARNING: [Synth 8-7071] port 'O' of module 'CARRY4' is unconnected for instance 'inst' [D:/WISNU/FPGA/TDC/TDC.srcs/sources_1/new/TDC.v:68]
WARNING: [Synth 8-7071] port 'CYINIT' of module 'CARRY4' is unconnected for instance 'inst' [D:/WISNU/FPGA/TDC/TDC.srcs/sources_1/new/TDC.v:68]
WARNING: [Synth 8-7023] instance 'inst' of module 'CARRY4' has 6 connections declared, but only 4 given [D:/WISNU/FPGA/TDC/TDC.srcs/sources_1/new/TDC.v:68]
WARNING: [Synth 8-7071] port 'O' of module 'CARRY4' is unconnected for instance 'inst' [D:/WISNU/FPGA/TDC/TDC.srcs/sources_1/new/TDC.v:68]
WARNING: [Synth 8-7071] port 'CYINIT' of module 'CARRY4' is unconnected for instance 'inst' [D:/WISNU/FPGA/TDC/TDC.srcs/sources_1/new/TDC.v:68]
WARNING: [Synth 8-7023] instance 'inst' of module 'CARRY4' has 6 connections declared, but only 4 given [D:/WISNU/FPGA/TDC/TDC.srcs/sources_1/new/TDC.v:68]
WARNING: [Synth 8-7071] port 'O' of module 'CARRY4' is unconnected for instance 'inst' [D:/WISNU/FPGA/TDC/TDC.srcs/sources_1/new/TDC.v:68]
WARNING: [Synth 8-7071] port 'CYINIT' of module 'CARRY4' is unconnected for instance 'inst' [D:/WISNU/FPGA/TDC/TDC.srcs/sources_1/new/TDC.v:68]
WARNING: [Synth 8-7023] instance 'inst' of module 'CARRY4' has 6 connections declared, but only 4 given [D:/WISNU/FPGA/TDC/TDC.srcs/sources_1/new/TDC.v:68]
WARNING: [Synth 8-7071] port 'O' of module 'CARRY4' is unconnected for instance 'inst' [D:/WISNU/FPGA/TDC/TDC.srcs/sources_1/new/TDC.v:68]
WARNING: [Synth 8-7071] port 'CYINIT' of module 'CARRY4' is unconnected for instance 'inst' [D:/WISNU/FPGA/TDC/TDC.srcs/sources_1/new/TDC.v:68]
WARNING: [Synth 8-7023] instance 'inst' of module 'CARRY4' has 6 connections declared, but only 4 given [D:/WISNU/FPGA/TDC/TDC.srcs/sources_1/new/TDC.v:68]
WARNING: [Synth 8-7071] port 'O' of module 'CARRY4' is unconnected for instance 'inst' [D:/WISNU/FPGA/TDC/TDC.srcs/sources_1/new/TDC.v:68]
WARNING: [Synth 8-7071] port 'CYINIT' of module 'CARRY4' is unconnected for instance 'inst' [D:/WISNU/FPGA/TDC/TDC.srcs/sources_1/new/TDC.v:68]
WARNING: [Synth 8-7023] instance 'inst' of module 'CARRY4' has 6 connections declared, but only 4 given [D:/WISNU/FPGA/TDC/TDC.srcs/sources_1/new/TDC.v:68]
WARNING: [Synth 8-7071] port 'O' of module 'CARRY4' is unconnected for instance 'inst' [D:/WISNU/FPGA/TDC/TDC.srcs/sources_1/new/TDC.v:68]
WARNING: [Synth 8-7071] port 'CYINIT' of module 'CARRY4' is unconnected for instance 'inst' [D:/WISNU/FPGA/TDC/TDC.srcs/sources_1/new/TDC.v:68]
WARNING: [Synth 8-7023] instance 'inst' of module 'CARRY4' has 6 connections declared, but only 4 given [D:/WISNU/FPGA/TDC/TDC.srcs/sources_1/new/TDC.v:68]
WARNING: [Synth 8-7071] port 'O' of module 'CARRY4' is unconnected for instance 'inst' [D:/WISNU/FPGA/TDC/TDC.srcs/sources_1/new/TDC.v:68]
WARNING: [Synth 8-7071] port 'CYINIT' of module 'CARRY4' is unconnected for instance 'inst' [D:/WISNU/FPGA/TDC/TDC.srcs/sources_1/new/TDC.v:68]
WARNING: [Synth 8-7023] instance 'inst' of module 'CARRY4' has 6 connections declared, but only 4 given [D:/WISNU/FPGA/TDC/TDC.srcs/sources_1/new/TDC.v:68]
WARNING: [Synth 8-7071] port 'O' of module 'CARRY4' is unconnected for instance 'inst' [D:/WISNU/FPGA/TDC/TDC.srcs/sources_1/new/TDC.v:68]
WARNING: [Synth 8-7071] port 'CYINIT' of module 'CARRY4' is unconnected for instance 'inst' [D:/WISNU/FPGA/TDC/TDC.srcs/sources_1/new/TDC.v:68]
WARNING: [Synth 8-7023] instance 'inst' of module 'CARRY4' has 6 connections declared, but only 4 given [D:/WISNU/FPGA/TDC/TDC.srcs/sources_1/new/TDC.v:68]
WARNING: [Synth 8-7071] port 'O' of module 'CARRY4' is unconnected for instance 'inst' [D:/WISNU/FPGA/TDC/TDC.srcs/sources_1/new/TDC.v:68]
WARNING: [Synth 8-7071] port 'CYINIT' of module 'CARRY4' is unconnected for instance 'inst' [D:/WISNU/FPGA/TDC/TDC.srcs/sources_1/new/TDC.v:68]
WARNING: [Synth 8-7023] instance 'inst' of module 'CARRY4' has 6 connections declared, but only 4 given [D:/WISNU/FPGA/TDC/TDC.srcs/sources_1/new/TDC.v:68]
WARNING: [Synth 8-7071] port 'O' of module 'CARRY4' is unconnected for instance 'inst' [D:/WISNU/FPGA/TDC/TDC.srcs/sources_1/new/TDC.v:68]
WARNING: [Synth 8-7071] port 'CYINIT' of module 'CARRY4' is unconnected for instance 'inst' [D:/WISNU/FPGA/TDC/TDC.srcs/sources_1/new/TDC.v:68]
WARNING: [Synth 8-7023] instance 'inst' of module 'CARRY4' has 6 connections declared, but only 4 given [D:/WISNU/FPGA/TDC/TDC.srcs/sources_1/new/TDC.v:68]
WARNING: [Synth 8-7071] port 'O' of module 'CARRY4' is unconnected for instance 'inst' [D:/WISNU/FPGA/TDC/TDC.srcs/sources_1/new/TDC.v:68]
WARNING: [Synth 8-7071] port 'CYINIT' of module 'CARRY4' is unconnected for instance 'inst' [D:/WISNU/FPGA/TDC/TDC.srcs/sources_1/new/TDC.v:68]
WARNING: [Synth 8-7023] instance 'inst' of module 'CARRY4' has 6 connections declared, but only 4 given [D:/WISNU/FPGA/TDC/TDC.srcs/sources_1/new/TDC.v:68]
WARNING: [Synth 8-7071] port 'O' of module 'CARRY4' is unconnected for instance 'inst' [D:/WISNU/FPGA/TDC/TDC.srcs/sources_1/new/TDC.v:68]
WARNING: [Synth 8-7071] port 'CYINIT' of module 'CARRY4' is unconnected for instance 'inst' [D:/WISNU/FPGA/TDC/TDC.srcs/sources_1/new/TDC.v:68]
WARNING: [Synth 8-7023] instance 'inst' of module 'CARRY4' has 6 connections declared, but only 4 given [D:/WISNU/FPGA/TDC/TDC.srcs/sources_1/new/TDC.v:68]
WARNING: [Synth 8-7071] port 'O' of module 'CARRY4' is unconnected for instance 'inst' [D:/WISNU/FPGA/TDC/TDC.srcs/sources_1/new/TDC.v:68]
WARNING: [Synth 8-7071] port 'CYINIT' of module 'CARRY4' is unconnected for instance 'inst' [D:/WISNU/FPGA/TDC/TDC.srcs/sources_1/new/TDC.v:68]
WARNING: [Synth 8-7023] instance 'inst' of module 'CARRY4' has 6 connections declared, but only 4 given [D:/WISNU/FPGA/TDC/TDC.srcs/sources_1/new/TDC.v:68]
WARNING: [Synth 8-7071] port 'O' of module 'CARRY4' is unconnected for instance 'inst' [D:/WISNU/FPGA/TDC/TDC.srcs/sources_1/new/TDC.v:68]
WARNING: [Synth 8-7071] port 'CYINIT' of module 'CARRY4' is unconnected for instance 'inst' [D:/WISNU/FPGA/TDC/TDC.srcs/sources_1/new/TDC.v:68]
WARNING: [Synth 8-7023] instance 'inst' of module 'CARRY4' has 6 connections declared, but only 4 given [D:/WISNU/FPGA/TDC/TDC.srcs/sources_1/new/TDC.v:68]
WARNING: [Synth 8-7071] port 'O' of module 'CARRY4' is unconnected for instance 'inst' [D:/WISNU/FPGA/TDC/TDC.srcs/sources_1/new/TDC.v:68]
WARNING: [Synth 8-7071] port 'CYINIT' of module 'CARRY4' is unconnected for instance 'inst' [D:/WISNU/FPGA/TDC/TDC.srcs/sources_1/new/TDC.v:68]
WARNING: [Synth 8-7023] instance 'inst' of module 'CARRY4' has 6 connections declared, but only 4 given [D:/WISNU/FPGA/TDC/TDC.srcs/sources_1/new/TDC.v:68]
WARNING: [Synth 8-7071] port 'O' of module 'CARRY4' is unconnected for instance 'inst' [D:/WISNU/FPGA/TDC/TDC.srcs/sources_1/new/TDC.v:68]
WARNING: [Synth 8-7071] port 'CYINIT' of module 'CARRY4' is unconnected for instance 'inst' [D:/WISNU/FPGA/TDC/TDC.srcs/sources_1/new/TDC.v:68]
WARNING: [Synth 8-7023] instance 'inst' of module 'CARRY4' has 6 connections declared, but only 4 given [D:/WISNU/FPGA/TDC/TDC.srcs/sources_1/new/TDC.v:68]
WARNING: [Synth 8-7071] port 'O' of module 'CARRY4' is unconnected for instance 'inst' [D:/WISNU/FPGA/TDC/TDC.srcs/sources_1/new/TDC.v:68]
WARNING: [Synth 8-7071] port 'CYINIT' of module 'CARRY4' is unconnected for instance 'inst' [D:/WISNU/FPGA/TDC/TDC.srcs/sources_1/new/TDC.v:68]
WARNING: [Synth 8-7023] instance 'inst' of module 'CARRY4' has 6 connections declared, but only 4 given [D:/WISNU/FPGA/TDC/TDC.srcs/sources_1/new/TDC.v:68]
WARNING: [Synth 8-7071] port 'O' of module 'CARRY4' is unconnected for instance 'inst' [D:/WISNU/FPGA/TDC/TDC.srcs/sources_1/new/TDC.v:68]
WARNING: [Synth 8-7071] port 'CYINIT' of module 'CARRY4' is unconnected for instance 'inst' [D:/WISNU/FPGA/TDC/TDC.srcs/sources_1/new/TDC.v:68]
WARNING: [Synth 8-7023] instance 'inst' of module 'CARRY4' has 6 connections declared, but only 4 given [D:/WISNU/FPGA/TDC/TDC.srcs/sources_1/new/TDC.v:68]
WARNING: [Synth 8-7071] port 'O' of module 'CARRY4' is unconnected for instance 'inst' [D:/WISNU/FPGA/TDC/TDC.srcs/sources_1/new/TDC.v:68]
WARNING: [Synth 8-7071] port 'CYINIT' of module 'CARRY4' is unconnected for instance 'inst' [D:/WISNU/FPGA/TDC/TDC.srcs/sources_1/new/TDC.v:68]
WARNING: [Synth 8-7023] instance 'inst' of module 'CARRY4' has 6 connections declared, but only 4 given [D:/WISNU/FPGA/TDC/TDC.srcs/sources_1/new/TDC.v:68]
WARNING: [Synth 8-7071] port 'O' of module 'CARRY4' is unconnected for instance 'inst' [D:/WISNU/FPGA/TDC/TDC.srcs/sources_1/new/TDC.v:68]
WARNING: [Synth 8-7071] port 'CYINIT' of module 'CARRY4' is unconnected for instance 'inst' [D:/WISNU/FPGA/TDC/TDC.srcs/sources_1/new/TDC.v:68]
INFO: [Common 17-14] Message 'Synth 8-7071' appears 100 times and further instances of the messages will be disabled. Use the Tcl command set_msg_config to change the current settings.
WARNING: [Synth 8-7023] instance 'inst' of module 'CARRY4' has 6 connections declared, but only 4 given [D:/WISNU/FPGA/TDC/TDC.srcs/sources_1/new/TDC.v:68]
INFO: [Synth 8-6155] done synthesizing module 'delay_line_tdc' (0#1) [D:/WISNU/FPGA/TDC/TDC.srcs/sources_1/new/TDC.v:23]
---------------------------------------------------------------------------------
Finished Synthesize : Time (s): cpu = 00:00:09 ; elapsed = 00:00:11 . Memory (MB): peak = 976.539 ; gain = 498.227
---------------------------------------------------------------------------------
---------------------------------------------------------------------------------
Finished Constraint Validation : Time (s): cpu = 00:00:09 ; elapsed = 00:00:11 . Memory (MB): peak = 976.539 ; gain = 498.227
---------------------------------------------------------------------------------
---------------------------------------------------------------------------------
Start Loading Part and Timing Information
---------------------------------------------------------------------------------
Loading part: xc7a35tcpg236-1
---------------------------------------------------------------------------------
INFO: [Device 21-403] Loading part xc7a35tcpg236-1
Finished Loading Part and Timing Information : Time (s): cpu = 00:00:09 ; elapsed = 00:00:11 . Memory (MB): peak = 976.539 ; gain = 498.227
---------------------------------------------------------------------------------
---------------------------------------------------------------------------------
Finished RTL Optimization Phase 2 : Time (s): cpu = 00:00:10 ; elapsed = 00:00:11 . Memory (MB): peak = 976.539 ; gain = 498.227
---------------------------------------------------------------------------------
No constraint files found.
---------------------------------------------------------------------------------
Start RTL Component Statistics 
---------------------------------------------------------------------------------
Detailed RTL Component Info : 
+---Registers : 
	               50 Bit    Registers := 1     
---------------------------------------------------------------------------------
Finished RTL Component Statistics 
---------------------------------------------------------------------------------
---------------------------------------------------------------------------------
Start Part Resource Summary
---------------------------------------------------------------------------------
Part Resources:
DSPs: 90 (col length:60)
BRAMs: 100 (col length: RAMB18 60 RAMB36 30)
---------------------------------------------------------------------------------
Finished Part Resource Summary
---------------------------------------------------------------------------------
No constraint files found.
---------------------------------------------------------------------------------
Start Cross Boundary and Area Optimization
---------------------------------------------------------------------------------
WARNING: [Synth 8-7080] Parallel synthesis criteria is not met
---------------------------------------------------------------------------------
Finished Cross Boundary and Area Optimization : Time (s): cpu = 00:00:15 ; elapsed = 00:00:19 . Memory (MB): peak = 1160.457 ; gain = 682.145
---------------------------------------------------------------------------------
No constraint files found.
---------------------------------------------------------------------------------
Start Timing Optimization
---------------------------------------------------------------------------------
---------------------------------------------------------------------------------
Finished Timing Optimization : Time (s): cpu = 00:00:15 ; elapsed = 00:00:19 . Memory (MB): peak = 1160.457 ; gain = 682.145
---------------------------------------------------------------------------------
---------------------------------------------------------------------------------
Start Technology Mapping
---------------------------------------------------------------------------------
---------------------------------------------------------------------------------
Finished Technology Mapping : Time (s): cpu = 00:00:15 ; elapsed = 00:00:19 . Memory (MB): peak = 1160.457 ; gain = 682.145
---------------------------------------------------------------------------------
---------------------------------------------------------------------------------
Start IO Insertion
---------------------------------------------------------------------------------
---------------------------------------------------------------------------------
Start Flattening Before IO Insertion
---------------------------------------------------------------------------------
---------------------------------------------------------------------------------
Finished Flattening Before IO Insertion
---------------------------------------------------------------------------------
---------------------------------------------------------------------------------
Start Final Netlist Cleanup
---------------------------------------------------------------------------------
---------------------------------------------------------------------------------
Finished Final Netlist Cleanup
---------------------------------------------------------------------------------
WARNING: [Synth 8-5396] Clock pin C has keep related attribute (keep/mark_debug/dont_touch) which could create extra logic on its net [D:/WISNU/FPGA/TDC/TDC.srcs/sources_1/new/TDC.v:38]
---------------------------------------------------------------------------------
Finished IO Insertion : Time (s): cpu = 00:00:20 ; elapsed = 00:00:25 . Memory (MB): peak = 1160.457 ; gain = 682.145
---------------------------------------------------------------------------------
---------------------------------------------------------------------------------
Start Renaming Generated Instances
---------------------------------------------------------------------------------
---------------------------------------------------------------------------------
Finished Renaming Generated Instances : Time (s): cpu = 00:00:20 ; elapsed = 00:00:25 . Memory (MB): peak = 1160.457 ; gain = 682.145
---------------------------------------------------------------------------------
---------------------------------------------------------------------------------
Start Rebuilding User Hierarchy
---------------------------------------------------------------------------------
---------------------------------------------------------------------------------
Finished Rebuilding User Hierarchy : Time (s): cpu = 00:00:20 ; elapsed = 00:00:25 . Memory (MB): peak = 1160.457 ; gain = 682.145
---------------------------------------------------------------------------------
---------------------------------------------------------------------------------
Start Renaming Generated Ports
---------------------------------------------------------------------------------
---------------------------------------------------------------------------------
Finished Renaming Generated Ports : Time (s): cpu = 00:00:20 ; elapsed = 00:00:25 . Memory (MB): peak = 1160.457 ; gain = 682.145
---------------------------------------------------------------------------------
---------------------------------------------------------------------------------
Start Handling Custom Attributes
---------------------------------------------------------------------------------
---------------------------------------------------------------------------------
Finished Handling Custom Attributes : Time (s): cpu = 00:00:20 ; elapsed = 00:00:25 . Memory (MB): peak = 1160.457 ; gain = 682.145
---------------------------------------------------------------------------------
---------------------------------------------------------------------------------
Start Renaming Generated Nets
---------------------------------------------------------------------------------
---------------------------------------------------------------------------------
Finished Renaming Generated Nets : Time (s): cpu = 00:00:20 ; elapsed = 00:00:25 . Memory (MB): peak = 1160.457 ; gain = 682.145
---------------------------------------------------------------------------------
---------------------------------------------------------------------------------
Start Writing Synthesis Report
---------------------------------------------------------------------------------

Report BlackBoxes: 
+-+--------------+----------+
| |BlackBox name |Instances |
+-+--------------+----------+
+-+--------------+----------+

Report Cell Usage: 
+------+-------+------+
|      |Cell   |Count |
+------+-------+------+
|1     |BUFG   |     1|
|2     |CARRY4 |    50|
|3     |FDCE   |    50|
|4     |IBUF   |     3|
|5     |OBUF   |    50|
+------+-------+------+

Report Instance Areas: 
+------+---------+-------+------+
|      |Instance |Module |Cells |
+------+---------+-------+------+
|1     |top      |       |   154|
+------+---------+-------+------+
---------------------------------------------------------------------------------
Finished Writing Synthesis Report : Time (s): cpu = 00:00:20 ; elapsed = 00:00:25 . Memory (MB): peak = 1160.457 ; gain = 682.145
---------------------------------------------------------------------------------
Synthesis finished with 0 errors, 0 critical warnings and 152 warnings.
Synthesis Optimization Runtime : Time (s): cpu = 00:00:20 ; elapsed = 00:00:25 . Memory (MB): peak = 1160.457 ; gain = 682.145
Synthesis Optimization Complete : Time (s): cpu = 00:00:20 ; elapsed = 00:00:25 . Memory (MB): peak = 1160.457 ; gain = 682.145
INFO: [Project 1-571] Translating synthesized netlist
Netlist sorting complete. Time (s): cpu = 00:00:00 ; elapsed = 00:00:00.002 . Memory (MB): peak = 1163.430 ; gain = 0.000
INFO: [Netlist 29-17] Analyzing 50 Unisim elements for replacement
INFO: [Netlist 29-28] Unisim Transformation completed in 0 CPU seconds
INFO: [Project 1-570] Preparing netlist for logic optimization
INFO: [Opt 31-138] Pushed 0 inverter(s) to 0 load pin(s).
Netlist sorting complete. Time (s): cpu = 00:00:00 ; elapsed = 00:00:00 . Memory (MB): peak = 1258.047 ; gain = 0.000
INFO: [Project 1-111] Unisim Transformation Summary:
No Unisim elements were transformed.

Synth Design complete | Checksum: 4e4e262f
INFO: [Common 17-83] Releasing license: Synthesis
21 Infos, 152 Warnings, 0 Critical Warnings and 0 Errors encountered.
synth_design completed successfully
synth_design: Time (s): cpu = 00:00:22 ; elapsed = 00:00:28 . Memory (MB): peak = 1258.047 ; gain = 787.293
INFO: [Common 17-1381] The checkpoint 'D:/WISNU/FPGA/TDC/TDC.runs/synth_1/delay_line_tdc.dcp' has been generated.
INFO: [runtcl-4] Executing : report_utilization -file delay_line_tdc_utilization_synth.rpt -pb delay_line_tdc_utilization_synth.pb
INFO: [Common 17-206] Exiting Vivado at Tue Oct  1 11:15:39 2024...
